<?xml version="1.0" encoding="UTF-8"?>
<!-- Generated by org.testng.reporters.JUnitReportReporter -->
<testsuite skipped="0" hostname="NC-laptop01" name="tests.LandingPageTest" tests="3" failures="0" timestamp="2021-01-28T11:03:42 MST" time="18.061" errors="0">
  <testcase name="landingPageTitleTest" time="6.602" classname="tests.LandingPageTest"/>
  <system-out/>
  <testcase name="logoTest" time="4.853" classname="tests.LandingPageTest"/>
  <system-out/>
  <testcase name="signinLinkTest" time="6.606" classname="tests.LandingPageTest"/>
  <system-out/>
</testsuite> <!-- tests.LandingPageTest -->
