<?xml version="1.0" encoding="UTF-8"?>
<!-- Generated by org.testng.reporters.JUnitReportReporter -->
<testsuite skipped="0" hostname="NC-laptop01" name="tests.SearchPageTest" tests="1" failures="0" timestamp="2021-01-27T08:56:14 MST" time="10.697" errors="0">
  <testcase name="AddtoCartTest" time="10.697" classname="tests.SearchPageTest"/>
  <system-out/>
</testsuite> <!-- tests.SearchPageTest -->
