<?xml version="1.0" encoding="UTF-8"?>
<!-- Generated by org.testng.reporters.JUnitReportReporter -->
<testsuite skipped="0" hostname="NC-laptop01" name="tests.LandingPageTest" tests="3" failures="0" timestamp="2021-01-26T22:51:36 MST" time="15.936" errors="0">
  <testcase name="landingPageTitleTest" time="4.376" classname="tests.LandingPageTest"/>
  <system-out/>
  <testcase name="logoTest" time="4.565" classname="tests.LandingPageTest"/>
  <system-out/>
  <testcase name="signinLinkTest" time="6.995" classname="tests.LandingPageTest"/>
  <system-out/>
</testsuite> <!-- tests.LandingPageTest -->
