<?xml version="1.0" encoding="UTF-8"?>
<!-- Generated by org.testng.reporters.JUnitReportReporter -->
<testsuite skipped="0" hostname="NC-laptop01" name="tests.LoginPageTest" tests="6" failures="0" timestamp="2021-01-27T09:42:53 MST" time="49.842" errors="0">
  <testcase name="inValidLoginTest" time="8.080" classname="tests.LoginPageTest"/>
  <system-out/>
  <testcase name="inValidLoginTest" time="8.387" classname="tests.LoginPageTest"/>
  <system-out/>
  <testcase name="inValidLoginTest" time="7.724" classname="tests.LoginPageTest"/>
  <system-out/>
  <testcase name="inValidLoginTest" time="7.541" classname="tests.LoginPageTest"/>
  <system-out/>
  <testcase name="inValidLoginTest" time="9.540" classname="tests.LoginPageTest"/>
  <system-out/>
  <testcase name="inValidLoginTest" time="8.570" classname="tests.LoginPageTest"/>
  <system-out/>
</testsuite> <!-- tests.LoginPageTest -->
