<?xml version="1.0" encoding="UTF-8"?>
<!-- Generated by org.testng.reporters.JUnitReportReporter -->
<testsuite skipped="0" hostname="NC-laptop01" name="tests.SearchPageTest" tests="3" failures="0" timestamp="2021-01-26T22:51:36 MST" time="24.847" errors="0">
  <testcase name="logoTest" time="7.911" classname="tests.SearchPageTest"/>
  <system-out/>
  <testcase name="verifySearchPageTitleTest" time="7.517" classname="tests.SearchPageTest"/>
  <system-out/>
  <testcase name="AddtoCartTest" time="9.419" classname="tests.SearchPageTest"/>
  <system-out/>
</testsuite> <!-- tests.SearchPageTest -->
