<?xml version="1.0" encoding="UTF-8"?>
<!-- Generated by org.testng.reporters.JUnitReportReporter -->
<testsuite skipped="0" hostname="NC-laptop01" name="tests.LandingPageTest" tests="3" failures="0" timestamp="2021-01-26T21:11:49 MST" time="17.941" errors="0">
  <testcase name="logoTest" time="5.390" classname="tests.LandingPageTest"/>
  <system-out/>
  <testcase name="landingPageTitleTest" time="4.701" classname="tests.LandingPageTest"/>
  <system-out/>
  <testcase name="signinLinkTest" time="7.850" classname="tests.LandingPageTest"/>
  <system-out/>
</testsuite> <!-- tests.LandingPageTest -->
