<?xml version="1.0" encoding="UTF-8"?>
<!-- Generated by org.testng.reporters.JUnitReportReporter -->
<testsuite skipped="0" hostname="NC-laptop01" name="tests.AccountPageTest" tests="2" failures="0" timestamp="2021-01-26T16:14:54 MST" time="15.699" errors="0">
  <testcase name="verifyUserAccountNameTest" time="7.415" classname="tests.AccountPageTest"/>
  <system-out/>
  <testcase name="logoTest" time="8.284" classname="tests.AccountPageTest"/>
  <system-out/>
</testsuite> <!-- tests.AccountPageTest -->
