<?xml version="1.0" encoding="UTF-8"?>
<!-- Generated by org.testng.reporters.JUnitReportReporter -->
<testsuite skipped="0" hostname="NC-laptop01" name="tests.SearchPageTest" tests="3" failures="0" timestamp="2021-01-26T20:14:53 MST" time="26.779" errors="0">
  <testcase name="verifySearchPageTitleTest" time="9.314" classname="tests.SearchPageTest"/>
  <system-out/>
  <testcase name="logoTest" time="7.910" classname="tests.SearchPageTest"/>
  <system-out/>
  <testcase name="AddtoCartTest" time="9.555" classname="tests.SearchPageTest"/>
  <system-out/>
</testsuite> <!-- tests.SearchPageTest -->
