<?xml version="1.0" encoding="UTF-8"?>
<!-- Generated by org.testng.reporters.JUnitReportReporter -->
<testsuite skipped="0" hostname="NC-laptop01" name="tests.SearchPageTest" tests="3" failures="0" timestamp="2021-01-28T11:03:42 MST" time="41.416" errors="0">
  <testcase name="AddtoCartTest" time="13.179" classname="tests.SearchPageTest"/>
  <system-out/>
  <testcase name="logoTest" time="14.575" classname="tests.SearchPageTest"/>
  <system-out/>
  <testcase name="verifySearchPageTitleTest" time="13.662" classname="tests.SearchPageTest"/>
  <system-out/>
</testsuite> <!-- tests.SearchPageTest -->
