<?xml version="1.0" encoding="UTF-8"?>
<!-- Generated by org.testng.reporters.JUnitReportReporter -->
<testsuite skipped="1" hostname="NC-laptop01" name="tests.LoginPageTest" tests="1" failures="0" timestamp="2021-01-26T20:39:48 MST" time="0.000" errors="0">
  <testcase name="inValidLoginTest" time="0.000" classname="tests.LoginPageTest">
    <skipped/>
  </testcase> <!-- inValidLoginTest -->
  <system-out/>
</testsuite> <!-- tests.LoginPageTest -->
