<?xml version="1.0" encoding="UTF-8"?>
<!-- Generated by org.testng.reporters.JUnitReportReporter -->
<testsuite skipped="0" hostname="NC-laptop01" name="tests.LandingPageTest" tests="1" failures="0" timestamp="2021-01-27T08:50:47 MST" time="4.874" errors="0">
  <testcase name="landingPageTitleTest" time="4.874" classname="tests.LandingPageTest"/>
  <system-out/>
</testsuite> <!-- tests.LandingPageTest -->
