<?xml version="1.0" encoding="UTF-8"?>
<!-- Generated by org.testng.reporters.JUnitReportReporter -->
<testsuite skipped="1" hostname="NC-laptop01" name="tests.LoginPageTest" tests="4" failures="0" timestamp="2021-01-26T22:51:36 MST" time="24.083" errors="0">
  <testcase name="verifyloginPageTitleTest" time="6.205" classname="tests.LoginPageTest"/>
  <system-out/>
  <testcase name="validLoginTest" time="8.545" classname="tests.LoginPageTest"/>
  <system-out/>
  <testcase name="logoTest" time="9.333" classname="tests.LoginPageTest"/>
  <system-out/>
  <testcase name="inValidLoginTest" time="0.000" classname="tests.LoginPageTest">
    <skipped/>
  </testcase> <!-- inValidLoginTest -->
  <system-out/>
</testsuite> <!-- tests.LoginPageTest -->
