<?xml version="1.0" encoding="UTF-8"?>
<!-- Generated by org.testng.reporters.JUnitReportReporter -->
<testsuite skipped="0" hostname="NC-laptop01" name="tests.LoginPageTest" tests="6" failures="0" timestamp="2021-01-27T09:12:19 MST" time="45.985" errors="0">
  <testcase name="inValidLoginTest" time="7.108" classname="tests.LoginPageTest"/>
  <system-out/>
  <testcase name="inValidLoginTest" time="7.427" classname="tests.LoginPageTest"/>
  <system-out/>
  <testcase name="inValidLoginTest" time="6.312" classname="tests.LoginPageTest"/>
  <system-out/>
  <testcase name="inValidLoginTest" time="10.009" classname="tests.LoginPageTest"/>
  <system-out/>
  <testcase name="inValidLoginTest" time="8.447" classname="tests.LoginPageTest"/>
  <system-out/>
  <testcase name="inValidLoginTest" time="6.682" classname="tests.LoginPageTest"/>
  <system-out/>
</testsuite> <!-- tests.LoginPageTest -->
